"/home2/dragisne/public_html/wp-content/plugins/contact-form-7/images/ajax-loader.gif"="/home2/dragisne/public_html/wp-content/plugins/contact-form-7/images/ajax-loader.gif.orig"
""="/home3/daminssc/dragisneuropedia.com/wp-content/uploads/2019/10/WhatsApp-Image-2019-10-20-at-09.58.18-830x830.jpg"
""="/home3/daminssc/dragisneuropedia.com/wp-content/uploads/2019/10/neurolgo-con-cerebro-en-mano-756x113.jpg"
""="/home3/daminssc/dragisneuropedia.com/wp-content/uploads/2019/03/electroencefalograma-epilepsia-762x700-756x694.jpg"
""="/home3/daminssc/dragisneuropedia.com/wp-content/uploads/2019/03/video.electroiencefalograma-762x700-756x694.jpg"
""="/home3/daminssc/dragisneuropedia.com/wp-content/uploads/2019/03/toxina-botulinica-762x700-756x694.jpg"
""="/home3/daminssc/dragisneuropedia.com/wp-content/themes/pearl-medicalguide/images/emergency-divider-756x44.png"
""="/home3/daminssc/dragisneuropedia.com/wp-content/uploads/2019/10/mujer-lactando-1024x1024-756x756.jpg"
""="/home3/daminssc/dragisneuropedia.com/wp-content/uploads/2019/10/niña-con-ansiedad-1024x1024-756x756.jpg"
""="/home3/daminssc/dragisneuropedia.com/wp-content/uploads/2019/10/niño-jugando-1024x1024-756x756.jpg"
""="/home3/daminssc/dragisneuropedia.com/wp-content/uploads/2019/10/bebe-durmiendo-1024x1024-756x756.jpg"
""="/home3/daminssc/dragisneuropedia.com/wp-content/uploads/2019/10/WhatsApp-Image-2019-10-20-at-09.58.18-756x756.jpg"
""="/home3/daminssc/dragisneuropedia.com/wp-content/uploads/2019/10/doctora-gisela-acevdo-762x700-756x694.png"
""="/home3/daminssc/dragisneuropedia.com/wp-content/uploads/2019/10/neurolgo-con-cerebro-en-mano-854x128.jpg"
""="/home3/daminssc/dragisneuropedia.com/wp-content/themes/pearl-medicalguide/images/emergency-divider-854x50.png"
""="/home3/daminssc/dragisneuropedia.com/wp-content/uploads/2019/10/WhatsApp-Image-2019-10-20-at-09.58.18-854x854.jpg"
""="/home3/daminssc/dragisneuropedia.com/wp-content/uploads/2019/10/mujer-lactando-1024x1024-534x534.jpg"
""="/home3/daminssc/dragisneuropedia.com/wp-content/uploads/2019/10/niña-con-ansiedad-1024x1024-534x534.jpg"
""="/home3/daminssc/dragisneuropedia.com/wp-content/uploads/2019/10/niño-jugando-1024x1024-534x534.jpg"
""="/home3/daminssc/dragisneuropedia.com/wp-content/uploads/2019/10/bebe-durmiendo-1024x1024-534x534.jpg"
""="/home3/daminssc/dragisneuropedia.com/wp-content/uploads/2019/10/neurolgo-con-cerebro-en-mano-817x123.jpg"
""="/home3/daminssc/dragisneuropedia.com/wp-content/uploads/2019/10/WhatsApp-Image-2019-10-20-at-09.58.18-817x817.jpg"
""="/home3/daminssc/dragisneuropedia.com/wp-content/themes/pearl-medicalguide/images/emergency-divider-817x48.png"
""="/home3/daminssc/dragisneuropedia.com/wp-content/uploads/2019/10/WhatsApp-Image-2019-10-20-at-09.58.18-891x891.jpg"
""="/home3/daminssc/dragisneuropedia.com/wp-content/uploads/2019/10/mujer-lactando-1024x1024-747x747.jpg"
""="/home3/daminssc/dragisneuropedia.com/wp-content/uploads/2019/10/niña-con-ansiedad-1024x1024-747x747.jpg"
""="/home3/daminssc/dragisneuropedia.com/wp-content/uploads/2019/10/niño-jugando-1024x1024-747x747.jpg"
""="/home3/daminssc/dragisneuropedia.com/wp-content/uploads/2019/10/bebe-durmiendo-1024x1024-747x747.jpg"
""="/home3/daminssc/dragisneuropedia.com/wp-content/uploads/2019/10/WhatsApp-Image-2019-10-20-at-09.58.18-534x534.jpg"
""="/home3/daminssc/dragisneuropedia.com/wp-content/uploads/2019/10/doctora-gisela-acevdo-762x700-534x491.png"
""="/home3/daminssc/dragisneuropedia.com/wp-content/uploads/2019/10/WhatsApp-Image-2019-10-20-at-09.58.18-568x568.jpg"
""="/home3/daminssc/dragisneuropedia.com/wp-content/uploads/2019/10/doctora-gisela-acevdo-762x700-568x522.png"
""="/home3/daminssc/dragisneuropedia.com/wp-content/uploads/2019/10/WhatsApp-Image-2019-10-20-at-09.58.18-786x786.jpg"
""="/home3/daminssc/dragisneuropedia.com/wp-content/uploads/2019/10/mujer-lactando-1024x1024-854x854.jpg"
""="/home3/daminssc/dragisneuropedia.com/wp-content/uploads/2019/10/niña-con-ansiedad-1024x1024-854x854.jpg"
""="/home3/daminssc/dragisneuropedia.com/wp-content/uploads/2019/10/niño-jugando-1024x1024-854x854.jpg"
""="/home3/daminssc/dragisneuropedia.com/wp-content/uploads/2019/10/bebe-durmiendo-1024x1024-854x854.jpg"
""="/home3/daminssc/dragisneuropedia.com/wp-content/uploads/2021/11/pres-1024x682-480x320.jpg"
""="/home3/daminssc/dragisneuropedia.com/wp-content/uploads/2021/11/onl-1024x688-480x323.jpg"
""="/home3/daminssc/dragisneuropedia.com/wp-content/uploads/2021/11/pres-1024x682-640x426.jpg"
""="/home3/daminssc/dragisneuropedia.com/wp-content/uploads/2021/11/onl-1024x688-640x430.jpg"
""="/home3/daminssc/dragisneuropedia.com/wp-content/uploads/2021/11/pres-1024x682-720x480.jpg"
""="/home3/daminssc/dragisneuropedia.com/wp-content/uploads/2021/11/onl-1024x688-720x484.jpg"
""="/home3/daminssc/dragisneuropedia.com/wp-content/uploads/2021/11/pres-1024x682-846x563.jpg"
""="/home3/daminssc/dragisneuropedia.com/wp-content/uploads/2021/11/onl-1024x688-846x568.jpg"
""="/home3/daminssc/dragisneuropedia.com/wp-content/uploads/2021/11/pres-1024x682-731x487.jpg"
""="/home3/daminssc/dragisneuropedia.com/wp-content/uploads/2021/11/onl-1024x688-731x491.jpg"
""="/home3/daminssc/dragisneuropedia.com/wp-content/uploads/2021/11/pres-1024x682-896x597.jpg"
""="/home3/daminssc/dragisneuropedia.com/wp-content/uploads/2021/11/onl-1024x688-896x602.jpg"
""="/home3/daminssc/dragisneuropedia.com/wp-content/uploads/2021/11/pres-1024x682-740x493.jpg"
""="/home3/daminssc/dragisneuropedia.com/wp-content/uploads/2021/11/onl-1024x688-740x497.jpg"
""="/home3/daminssc/dragisneuropedia.com/wp-content/uploads/2021/11/pres-1024x682-800x533.jpg"
""="/home3/daminssc/dragisneuropedia.com/wp-content/uploads/2021/11/onl-1024x688-800x538.jpg"
""="/home3/daminssc/dragisneuropedia.com/wp-content/uploads/2021/11/pres-1024x682-780x519.jpg"
""="/home3/daminssc/dragisneuropedia.com/wp-content/uploads/2021/11/onl-1024x688-780x524.jpg"
""="/home3/daminssc/dragisneuropedia.com/wp-content/uploads/2021/11/pres-1024x682-891x593.jpg"
""="/home3/daminssc/dragisneuropedia.com/wp-content/uploads/2021/11/onl-1024x688-891x599.jpg"
""="/home3/daminssc/dragisneuropedia.com/wp-content/uploads/2021/11/pres-1024x682-534x356.jpg"
""="/home3/daminssc/dragisneuropedia.com/wp-content/uploads/2021/11/onl-1024x688-534x359.jpg"
""="/home3/daminssc/dragisneuropedia.com/wp-content/uploads/2021/11/pres-1024x682-760x506.jpg"
""="/home3/daminssc/dragisneuropedia.com/wp-content/uploads/2021/11/onl-1024x688-760x511.jpg"
""="/home3/daminssc/dragisneuropedia.com/wp-content/uploads/2021/11/pres-1024x682-845x563.jpg"
""="/home3/daminssc/dragisneuropedia.com/wp-content/uploads/2021/11/onl-1024x688-845x568.jpg"
""="/home3/daminssc/dragisneuropedia.com/wp-content/uploads/2019/10/WhatsApp-Image-2019-10-20-at-09.58.18-823x823.jpg"
""="/home3/daminssc/dragisneuropedia.com/wp-content/uploads/2019/10/neurolgo-con-cerebro-en-mano-699x105.jpg"
""="/home3/daminssc/dragisneuropedia.com/wp-content/uploads/2019/03/electroencefalograma-epilepsia-762x700-699x642.jpg"
""="/home3/daminssc/dragisneuropedia.com/wp-content/themes/pearl-medicalguide/images/emergency-divider-699x41.png"
""="/home3/daminssc/dragisneuropedia.com/wp-content/uploads/2019/09/acerca-de-2-699x699.png"
""="/home3/daminssc/dragisneuropedia.com/wp-content/uploads/2019/03/video.electroiencefalograma-762x700-699x642.jpg"
""="/home3/daminssc/dragisneuropedia.com/wp-content/uploads/2019/03/toxina-botulinica-762x700-699x642.jpg"
""="/home3/daminssc/dragisneuropedia.com/wp-content/uploads/2019/10/mujer-lactando-1024x1024-823x823.jpg"
""="/home3/daminssc/dragisneuropedia.com/wp-content/uploads/2019/10/niña-con-ansiedad-1024x1024-823x823.jpg"
""="/home3/daminssc/dragisneuropedia.com/wp-content/uploads/2019/10/niño-jugando-1024x1024-823x823.jpg"
""="/home3/daminssc/dragisneuropedia.com/wp-content/uploads/2019/10/bebe-durmiendo-1024x1024-823x823.jpg"
""="/home3/daminssc/dragisneuropedia.com/wp-content/uploads/2019/10/neurolgo-con-cerebro-en-mano-853x128.jpg"
""="/home3/daminssc/dragisneuropedia.com/wp-content/themes/pearl-medicalguide/images/emergency-divider-853x50.png"
""="/home3/daminssc/dragisneuropedia.com/wp-content/uploads/2019/10/neurolgo-con-cerebro-en-mano-698x105.jpg"
""="/home3/daminssc/dragisneuropedia.com/wp-content/uploads/2019/09/acerca-de-2-698x698.png"
""="/home3/daminssc/dragisneuropedia.com/wp-content/uploads/2019/03/electroencefalograma-epilepsia-762x700-698x641.jpg"
""="/home3/daminssc/dragisneuropedia.com/wp-content/uploads/2019/03/video.electroiencefalograma-762x700-698x641.jpg"
""="/home3/daminssc/dragisneuropedia.com/wp-content/uploads/2019/03/toxina-botulinica-762x700-698x641.jpg"
""="/home3/daminssc/dragisneuropedia.com/wp-content/themes/pearl-medicalguide/images/emergency-divider-698x41.png"
""="/home3/daminssc/dragisneuropedia.com/wp-content/uploads/2021/11/pres-1024x682-854x569.jpg"
""="/home3/daminssc/dragisneuropedia.com/wp-content/uploads/2021/11/onl-1024x688-854x574.jpg"
""="/home3/daminssc/dragisneuropedia.com/wp-content/uploads/2019/10/WhatsApp-Image-2019-10-20-at-09.58.18-699x699.jpg"
""="/home3/daminssc/dragisneuropedia.com/wp-content/uploads/2019/10/doctora-gisela-acevdo-762x700-699x642.png"
""="/home3/daminssc/dragisneuropedia.com/wp-content/uploads/2019/10/niña-con-ansiedad-1024x1024-786x786.jpg"
""="/home3/daminssc/dragisneuropedia.com/wp-content/uploads/2021/11/pres-1024x682-823x548.jpg"
""="/home3/daminssc/dragisneuropedia.com/wp-content/uploads/2021/11/onl-1024x688-823x553.jpg"
""="/home3/daminssc/dragisneuropedia.com/wp-content/uploads/2019/10/mujer-lactando-1024x1024-740x740.jpg"
""="/home3/daminssc/dragisneuropedia.com/wp-content/uploads/2019/10/niña-con-ansiedad-1024x1024-740x740.jpg"
""="/home3/daminssc/dragisneuropedia.com/wp-content/uploads/2019/10/niño-jugando-1024x1024-740x740.jpg"
""="/home3/daminssc/dragisneuropedia.com/wp-content/uploads/2019/10/bebe-durmiendo-1024x1024-740x740.jpg"
""="/home3/daminssc/dragisneuropedia.com/wp-content/uploads/2021/11/pres-1024x682-748x498.jpg"
""="/home3/daminssc/dragisneuropedia.com/wp-content/uploads/2021/11/onl-1024x688-748x503.jpg"
""="/home3/daminssc/dragisneuropedia.com/wp-content/uploads/2021/11/pres-1024x682-747x498.jpg"
""="/home3/daminssc/dragisneuropedia.com/wp-content/uploads/2021/11/onl-1024x688-747x502.jpg"
""="/home3/daminssc/dragisneuropedia.com/wp-content/uploads/2021/11/pres-1024x682-570x380.jpg"
""="/home3/daminssc/dragisneuropedia.com/wp-content/uploads/2021/11/onl-1024x688-570x383.jpg"
""="/home3/daminssc/dragisneuropedia.com/wp-content/uploads/2021/11/pres-1024x682-320x213.jpg"
""="/home3/daminssc/dragisneuropedia.com/wp-content/uploads/2021/11/onl-1024x688-320x215.jpg"
""="/home3/daminssc/dragisneuropedia.com/wp-content/uploads/2019/10/doctora-gisela-acevdo-762x700-320x294.png"
""="/home3/daminssc/dragisneuropedia.com/wp-content/uploads/2021/11/pres-1024x682-568x378.jpg"
""="/home3/daminssc/dragisneuropedia.com/wp-content/uploads/2021/11/onl-1024x688-568x382.jpg"
""="/home3/daminssc/dragisneuropedia.com/wp-content/uploads/2019/10/mujer-lactando-1024x1024-568x568.jpg"
""="/home3/daminssc/dragisneuropedia.com/wp-content/uploads/2019/10/niña-con-ansiedad-1024x1024-568x568.jpg"
""="/home3/daminssc/dragisneuropedia.com/wp-content/uploads/2019/10/niño-jugando-1024x1024-568x568.jpg"
""="/home3/daminssc/dragisneuropedia.com/wp-content/uploads/2019/10/bebe-durmiendo-1024x1024-568x568.jpg"
""="/home3/daminssc/dragisneuropedia.com/wp-content/uploads/2019/10/WhatsApp-Image-2019-10-20-at-09.58.18-569x569.jpg"
""="/home3/daminssc/dragisneuropedia.com/wp-content/uploads/2019/10/doctora-gisela-acevdo-762x700-569x523.png"
""="/home3/daminssc/dragisneuropedia.com/wp-content/uploads/2019/10/mujer-lactando-1024x1024-569x569.jpg"
""="/home3/daminssc/dragisneuropedia.com/wp-content/uploads/2019/10/niña-con-ansiedad-1024x1024-569x569.jpg"
""="/home3/daminssc/dragisneuropedia.com/wp-content/uploads/2019/10/niño-jugando-1024x1024-569x569.jpg"
""="/home3/daminssc/dragisneuropedia.com/wp-content/uploads/2019/10/bebe-durmiendo-1024x1024-569x569.jpg"
""="/home3/daminssc/dragisneuropedia.com/wp-content/uploads/2021/11/pres-1024x682-736x490.jpg"
""="/home3/daminssc/dragisneuropedia.com/wp-content/uploads/2021/11/onl-1024x688-736x495.jpg"
""="/home3/daminssc/dragisneuropedia.com/wp-content/uploads/2019/10/mujer-lactando-1024x1024-736x736.jpg"
""="/home3/daminssc/dragisneuropedia.com/wp-content/uploads/2019/10/WhatsApp-Image-2019-10-20-at-09.58.18-736x736.jpg"
""="/home3/daminssc/dragisneuropedia.com/wp-content/uploads/2019/10/doctora-gisela-acevdo-762x700-736x676.png"
"/home3/daminssc/dragisneuropedia.com/wp-content/plugins/js_composer/assets/vc/alert.png"="/home3/daminssc/dragisneuropedia.com/wp-content/plugins/js_composer/assets/vc/alert.png.orig"
"/home3/daminssc/dragisneuropedia.com/wp-content/plugins/js_composer/assets/vc/info.png"="/home3/daminssc/dragisneuropedia.com/wp-content/plugins/js_composer/assets/vc/info.png.orig"
"/home3/daminssc/dragisneuropedia.com/wp-content/plugins/js_composer/assets/vc/tick.png"="/home3/daminssc/dragisneuropedia.com/wp-content/plugins/js_composer/assets/vc/tick.png.orig"
"/home3/daminssc/dragisneuropedia.com/wp-content/plugins/js_composer/assets/vc/exclamation.png"="/home3/daminssc/dragisneuropedia.com/wp-content/plugins/js_composer/assets/vc/exclamation.png.orig"
"/home3/daminssc/dragisneuropedia.com/wp-content/plugins/js_composer/assets/images/icons/address-book.png"="/home3/daminssc/dragisneuropedia.com/wp-content/plugins/js_composer/assets/images/icons/address-book.png.orig"
"/home3/daminssc/dragisneuropedia.com/wp-content/plugins/js_composer/assets/images/icons/alarm-clock.png"="/home3/daminssc/dragisneuropedia.com/wp-content/plugins/js_composer/assets/images/icons/alarm-clock.png.orig"
"/home3/daminssc/dragisneuropedia.com/wp-content/plugins/js_composer/assets/images/icons/anchor.png"="/home3/daminssc/dragisneuropedia.com/wp-content/plugins/js_composer/assets/images/icons/anchor.png.orig"
"/home3/daminssc/dragisneuropedia.com/wp-content/plugins/js_composer/assets/images/icons/application-image.png"="/home3/daminssc/dragisneuropedia.com/wp-content/plugins/js_composer/assets/images/icons/application-image.png.orig"
"/home3/daminssc/dragisneuropedia.com/wp-content/plugins/js_composer/assets/images/icons/arrow.png"="/home3/daminssc/dragisneuropedia.com/wp-content/plugins/js_composer/assets/images/icons/arrow.png.orig"
"/home3/daminssc/dragisneuropedia.com/wp-content/plugins/js_composer/assets/images/icons/asterisk.png"="/home3/daminssc/dragisneuropedia.com/wp-content/plugins/js_composer/assets/images/icons/asterisk.png.orig"
"/home3/daminssc/dragisneuropedia.com/wp-content/plugins/js_composer/assets/images/icons/auction-hammer.png"="/home3/daminssc/dragisneuropedia.com/wp-content/plugins/js_composer/assets/images/icons/auction-hammer.png.orig"
"/home3/daminssc/dragisneuropedia.com/wp-content/plugins/js_composer/assets/images/icons/balloon.png"="/home3/daminssc/dragisneuropedia.com/wp-content/plugins/js_composer/assets/images/icons/balloon.png.orig"
"/home3/daminssc/dragisneuropedia.com/wp-content/plugins/js_composer/assets/images/icons/balloon-buzz.png"="/home3/daminssc/dragisneuropedia.com/wp-content/plugins/js_composer/assets/images/icons/balloon-buzz.png.orig"
"/home3/daminssc/dragisneuropedia.com/wp-content/plugins/js_composer/assets/images/icons/balloon-facebook.png"="/home3/daminssc/dragisneuropedia.com/wp-content/plugins/js_composer/assets/images/icons/balloon-facebook.png.orig"
"/home3/daminssc/dragisneuropedia.com/wp-content/plugins/js_composer/assets/images/icons/balloon-twitter.png"="/home3/daminssc/dragisneuropedia.com/wp-content/plugins/js_composer/assets/images/icons/balloon-twitter.png.orig"
"/home3/daminssc/dragisneuropedia.com/wp-content/plugins/js_composer/assets/images/icons/battery-full.png"="/home3/daminssc/dragisneuropedia.com/wp-content/plugins/js_composer/assets/images/icons/battery-full.png.orig"
"/home3/daminssc/dragisneuropedia.com/wp-content/plugins/js_composer/assets/images/icons/binocular.png"="/home3/daminssc/dragisneuropedia.com/wp-content/plugins/js_composer/assets/images/icons/binocular.png.orig"
"/home3/daminssc/dragisneuropedia.com/wp-content/plugins/js_composer/assets/images/icons/blue-document-excel.png"="/home3/daminssc/dragisneuropedia.com/wp-content/plugins/js_composer/assets/images/icons/blue-document-excel.png.orig"
"/home3/daminssc/dragisneuropedia.com/wp-content/plugins/js_composer/assets/images/icons/blue-document-image.png"="/home3/daminssc/dragisneuropedia.com/wp-content/plugins/js_composer/assets/images/icons/blue-document-image.png.orig"
"/home3/daminssc/dragisneuropedia.com/wp-content/plugins/js_composer/assets/images/icons/blue-document-music.png"="/home3/daminssc/dragisneuropedia.com/wp-content/plugins/js_composer/assets/images/icons/blue-document-music.png.orig"
"/home3/daminssc/dragisneuropedia.com/wp-content/plugins/js_composer/assets/images/icons/blue-document-office.png"="/home3/daminssc/dragisneuropedia.com/wp-content/plugins/js_composer/assets/images/icons/blue-document-office.png.orig"
"/home3/daminssc/dragisneuropedia.com/wp-content/plugins/js_composer/assets/images/icons/blue-document-pdf.png"="/home3/daminssc/dragisneuropedia.com/wp-content/plugins/js_composer/assets/images/icons/blue-document-pdf.png.orig"
"/home3/daminssc/dragisneuropedia.com/wp-content/plugins/js_composer/assets/images/icons/blue-document-powerpoint.png"="/home3/daminssc/dragisneuropedia.com/wp-content/plugins/js_composer/assets/images/icons/blue-document-powerpoint.png.orig"
"/home3/daminssc/dragisneuropedia.com/wp-content/plugins/js_composer/assets/images/icons/blue-document-word.png"="/home3/daminssc/dragisneuropedia.com/wp-content/plugins/js_composer/assets/images/icons/blue-document-word.png.orig"
"/home3/daminssc/dragisneuropedia.com/wp-content/plugins/js_composer/assets/images/icons/bookmark.png"="/home3/daminssc/dragisneuropedia.com/wp-content/plugins/js_composer/assets/images/icons/bookmark.png.orig"
"/home3/daminssc/dragisneuropedia.com/wp-content/plugins/js_composer/assets/images/icons/camcorder.png"="/home3/daminssc/dragisneuropedia.com/wp-content/plugins/js_composer/assets/images/icons/camcorder.png.orig"
"/home3/daminssc/dragisneuropedia.com/wp-content/plugins/js_composer/assets/images/icons/camera.png"="/home3/daminssc/dragisneuropedia.com/wp-content/plugins/js_composer/assets/images/icons/camera.png.orig"
"/home3/daminssc/dragisneuropedia.com/wp-content/plugins/js_composer/assets/images/icons/chart.png"="/home3/daminssc/dragisneuropedia.com/wp-content/plugins/js_composer/assets/images/icons/chart.png.orig"
"/home3/daminssc/dragisneuropedia.com/wp-content/plugins/js_composer/assets/images/icons/chart-pie.png"="/home3/daminssc/dragisneuropedia.com/wp-content/plugins/js_composer/assets/images/icons/chart-pie.png.orig"
"/home3/daminssc/dragisneuropedia.com/wp-content/plugins/js_composer/assets/images/icons/clock.png"="/home3/daminssc/dragisneuropedia.com/wp-content/plugins/js_composer/assets/images/icons/clock.png.orig"
"/home3/daminssc/dragisneuropedia.com/wp-content/plugins/js_composer/assets/images/icons/control.png"="/home3/daminssc/dragisneuropedia.com/wp-content/plugins/js_composer/assets/images/icons/control.png.orig"
"/home3/daminssc/dragisneuropedia.com/wp-content/plugins/js_composer/assets/images/icons/fire.png"="/home3/daminssc/dragisneuropedia.com/wp-content/plugins/js_composer/assets/images/icons/fire.png.orig"
"/home3/daminssc/dragisneuropedia.com/wp-content/plugins/js_composer/assets/images/icons/heart.png"="/home3/daminssc/dragisneuropedia.com/wp-content/plugins/js_composer/assets/images/icons/heart.png.orig"
"/home3/daminssc/dragisneuropedia.com/wp-content/plugins/js_composer/assets/images/icons/mail.png"="/home3/daminssc/dragisneuropedia.com/wp-content/plugins/js_composer/assets/images/icons/mail.png.orig"
"/home3/daminssc/dragisneuropedia.com/wp-content/plugins/js_composer/assets/images/icons/plus-shield.png"="/home3/daminssc/dragisneuropedia.com/wp-content/plugins/js_composer/assets/images/icons/plus-shield.png.orig"
"/home3/daminssc/dragisneuropedia.com/wp-content/plugins/js_composer/assets/images/icons/video.png"="/home3/daminssc/dragisneuropedia.com/wp-content/plugins/js_composer/assets/images/icons/video.png.orig"
"/home3/daminssc/dragisneuropedia.com/wp-content/plugins/js_composer/assets/images/toggle_open.png"="/home3/daminssc/dragisneuropedia.com/wp-content/plugins/js_composer/assets/images/toggle_open.png.orig"
"/home3/daminssc/dragisneuropedia.com/wp-content/plugins/js_composer/assets/images/toggle_close.png"="/home3/daminssc/dragisneuropedia.com/wp-content/plugins/js_composer/assets/images/toggle_close.png.orig"
"/home3/daminssc/dragisneuropedia.com/wp-content/plugins/js_composer/assets/images/flickr.png"="/home3/daminssc/dragisneuropedia.com/wp-content/plugins/js_composer/assets/images/flickr.png.orig"
"/home3/daminssc/dragisneuropedia.com/wp-content/plugins/js_composer/assets/images/spinner.gif"="/home3/daminssc/dragisneuropedia.com/wp-content/plugins/js_composer/assets/images/spinner.gif.orig"
"/home3/daminssc/dragisneuropedia.com/wp-content/plugins/js_composer/assets/vc/remove.png"="/home3/daminssc/dragisneuropedia.com/wp-content/plugins/js_composer/assets/vc/remove.png.orig"
""="/home3/daminssc/dragisneuropedia.com/wp-content/uploads/2019/10/niña-con-ansiedad-1024x1024-736x736.jpg"
""="/home3/daminssc/dragisneuropedia.com/wp-content/uploads/2019/10/niño-jugando-1024x1024-736x736.jpg"
""="/home3/daminssc/dragisneuropedia.com/wp-content/uploads/2019/10/bebe-durmiendo-1024x1024-736x736.jpg"
""="/home3/daminssc/dragisneuropedia.com/wp-content/uploads/2019/10/neurolgo-con-cerebro-en-mano-750x113.jpg"
""="/home3/daminssc/dragisneuropedia.com/wp-content/uploads/2019/03/electroencefalograma-epilepsia-762x700-750x689.jpg"
""="/home3/daminssc/dragisneuropedia.com/wp-content/uploads/2019/03/video.electroiencefalograma-762x700-750x689.jpg"
""="/home3/daminssc/dragisneuropedia.com/wp-content/uploads/2019/03/toxina-botulinica-762x700-750x689.jpg"
""="/home3/daminssc/dragisneuropedia.com/wp-content/themes/pearl-medicalguide/images/emergency-divider-750x44.png"
